[16:05:14:432] DATA RECV from 3.0: Data from 3.0␊
[16:05:18:014] #A color=red␊
[16:05:18:495] ␊
[16:05:18:495] --- TABLE FOR 1.0 (My Path Sum: 0) ---␊
[16:05:18:495] ------------------------------------␊
[16:05:18:495] >>> DECISION: Node 1.0 has NO valid parent␊
[16:05:18:495] ====================================␊
[16:05:18:495] ␊
[16:05:19:267] DATA RECV from 4.0: Data from 4.0␊
[16:05:24:224] #A color=red␊
[16:05:28:504] ␊
[16:05:28:504] --- TABLE FOR 1.0 (My Path Sum: 0) ---␊
[16:05:28:504] Neighbor 4.0 | Path Sum: -162 | Local Link: -83␊
[16:05:28:504] ------------------------------------␊
[16:05:28:504] >>> DECISION: Node 1.0 has NO valid parent␊
[16:05:28:504] ====================================␊
[16:05:28:504] ␊
[16:05:28:801] #A color=red␊
[16:05:34:214] #A color=red␊
[16:05:34:813] DATA RECV from 4.0: Data from 4.0␊
[16:05:38:519] ␊
[16:05:38:519] --- TABLE FOR 1.0 (My Path Sum: 0) ---␊
[16:05:38:519] Neighbor 4.0 | Path Sum: -159 | Local Link: -78␊
[16:05:38:519] ------------------------------------␊
[16:05:38:519] >>> DECISION: Node 1.0 has NO valid parent␊
[16:05:38:519] ====================================␊
[16:05:38:519] ␊
[16:05:41:120] #A color=red␊
[16:05:44:395] DATA RECV from 3.0: Data from 3.0␊
[16:05:44:796] DATA RECV from 4.0: Data from 4.0␊
[16:05:48:533] ␊
[16:05:48:533] --- TABLE FOR 1.0 (My Path Sum: 0) ---␊
[16:05:48:533] Neighbor 4.0 | Path Sum: -160 | Local Link: -79␊
[16:05:48:533] ------------------------------------␊
[16:05:48:533] >>> DECISION: Node 1.0 has NO valid parent␊
[16:05:48:533] ====================================␊
[16:05:48:533] ␊
[16:05:48:923] #A color=red␊
[16:05:54:792] DATA RECV from 4.0: Data from 4.0␊
[16:05:56:008] #A color=red␊
[16:05:58:540] ␊
[16:05:58:540] --- TABLE FOR 1.0 (My Path Sum: 0) ---␊
[16:05:58:540] Neighbor 4.0 | Path Sum: -160 | Local Link: -79␊
[16:05:58:540] ------------------------------------␊
[16:05:58:540] >>> DECISION: Node 1.0 has NO valid parent␊
[16:05:58:540] ====================================␊
[16:05:58:540] ␊
[16:06:03:304] #A color=red␊
[16:06:04:362] DATA RECV from 3.0: Data from 3.0␊
[16:06:07:741] #A color=red␊
[16:06:08:547] ␊
[16:06:08:547] --- TABLE FOR 1.0 (My Path Sum: 0) ---␊
[16:06:08:547] Neighbor 4.0 | Path Sum: -162 | Local Link: -81␊
[16:06:08:547] ------------------------------------␊
[16:06:08:547] >>> DECISION: Node 1.0 has NO valid parent␊
[16:06:08:547] ====================================␊
[16:06:08:547] ␊
[16:06:11:881] #A color=red␊
[16:06:18:553] ␊
[16:06:18:553] --- TABLE FOR 1.0 (My Path Sum: 0) ---␊
[16:06:18:553] Neighbor 4.0 | Path Sum: -162 | Local Link: -81␊
[16:06:18:553] ------------------------------------␊
[16:06:18:553] >>> DECISION: Node 1.0 has NO valid parent␊
[16:06:18:553] ====================================␊
[16:06:18:553] ␊
[16:06:18:997] #A color=red␊
[16:06:24:285] #A color=red␊
[16:06:28:398] DATA RECV from 2.0: Data from 2.0␊
[16:06:28:559] ␊
[16:06:28:559] --- TABLE FOR 1.0 (My Path Sum: 0) ---␊
[16:06:28:559] Neighbor 4.0 | Path Sum: -162 | Local Link: -81␊
[16:06:28:559] ------------------------------------␊
[16:06:28:559] >>> DECISION: Node 1.0 has NO valid parent␊
[16:06:28:559] ====================================␊
[16:06:28:559] ␊
[16:06:31:222] #A color=red␊
[16:06:34:467] DATA RECV from 3.0: Data from 3.0␊
[16:06:37:987] #A color=red␊
[16:06:38:566] ␊
[16:06:38:566] --- TABLE FOR 1.0 (My Path Sum: 0) ---␊
[16:06:38:566] Neighbor 4.0 | Path Sum: -162 | Local Link: -81␊
[16:06:38:566] ------------------------------------␊
[16:06:38:566] >>> DECISION: Node 1.0 has NO valid parent␊
[16:06:38:566] ====================================␊
[16:06:38:566] ␊
[16:06:44:822] #A color=red␊
[16:06:44:886] DATA RECV from 3.0: Data from 4.0␊
[16:06:48:580] ␊
[16:06:48:580] --- TABLE FOR 1.0 (My Path Sum: 0) ---␊
[16:06:48:580] Neighbor 4.0 | Path Sum: -162 | Local Link: -81␊
[16:06:48:580] ------------------------------------␊
[16:06:48:580] >>> DECISION: Node 1.0 has NO valid parent␊
[16:06:48:580] ====================================␊
[16:06:48:580] ␊
[16:06:52:680] #A color=red␊
[16:06:58:586] ␊
[16:06:58:586] --- TABLE FOR 1.0 (My Path Sum: 0) ---␊
[16:06:58:586] Neighbor 4.0 | Path Sum: -269 | Local Link: -97␊
[16:06:58:586] ------------------------------------␊
[16:06:58:586] >>> DECISION: Node 1.0 has NO valid parent␊
[16:06:58:586] ====================================␊
[16:06:58:586] ␊
[16:06:58:789] #A color=red␊
[16:07:03:335] #A color=red␊
[16:07:04:837] DATA RECV from 4.0: Data from 4.0␊
[16:07:07:709] #A color=red␊
[16:07:08:593] ␊
[16:07:08:593] --- TABLE FOR 1.0 (My Path Sum: 0) ---␊
[16:07:08:593] Neighbor 4.0 | Path Sum: -266 | Local Link: -94␊
[16:07:08:593] ------------------------------------␊
[16:07:08:593] >>> DECISION: Node 1.0 has NO valid parent␊
[16:07:08:593] ====================================␊
[16:07:08:593] ␊
[16:07:14:865] #A color=red␊
[16:07:18:612] ␊
[16:07:18:612] --- TABLE FOR 1.0 (My Path Sum: 0) ---␊
[16:07:18:612] Neighbor 3.0 | Path Sum: -172 | Local Link: -89␊
[16:07:18:612] Neighbor 4.0 | Path Sum: -180 | Local Link: -81␊
[16:07:18:612] ------------------------------------␊
[16:07:18:612] >>> DECISION: Node 1.0 has NO valid parent␊
[16:07:18:612] ====================================␊
[16:07:18:612] ␊
[16:07:19:231] #A color=red␊
[16:07:23:458] #A color=red␊
[16:07:24:850] DATA RECV from 4.0: Data from 4.0␊
[16:07:27:535] #A color=red␊
[16:07:28:297] DATA RECV from 2.0: Data from 2.0␊
[16:07:28:618] ␊
[16:07:28:618] --- TABLE FOR 1.0 (My Path Sum: 0) ---␊
[16:07:28:618] Neighbor 3.0 | Path Sum: -172 | Local Link: -89␊
[16:07:28:618] Neighbor 4.0 | Path Sum: -180 | Local Link: -81␊
[16:07:28:618] ------------------------------------␊
[16:07:28:618] >>> DECISION: Node 1.0 has NO valid parent␊
[16:07:28:618] ====================================␊
[16:07:28:618] ␊
[16:07:34:573] #A color=red␊
[16:07:38:633] ␊
[16:07:38:633] --- TABLE FOR 1.0 (My Path Sum: 0) ---␊
[16:07:38:633] Neighbor 3.0 | Path Sum: -172 | Local Link: -89␊
[16:07:38:633] Neighbor 4.0 | Path Sum: -145 | Local Link: -69␊
[16:07:38:633] ------------------------------------␊
[16:07:38:633] >>> DECISION: Node 1.0 has NO valid parent␊
[16:07:38:633] ====================================␊
[16:07:38:633] ␊
[16:07:39:823] #A color=red␊
[16:07:40:528] DATA RECV from 4.0: Data from 4.0␊
[16:07:44:760] #A color=red␊
[16:07:48:639] ␊
[16:07:48:639] --- TABLE FOR 1.0 (My Path Sum: 0) ---␊
[16:07:48:639] Neighbor 3.0 | Path Sum: -172 | Local Link: -89␊
[16:07:48:639] Neighbor 4.0 | Path Sum: -146 | Local Link: -69␊
[16:07:48:639] ------------------------------------␊
[16:07:48:639] >>> DECISION: Node 1.0 has NO valid parent␊
[16:07:48:639] ====================================␊
[16:07:48:639] ␊
[16:07:50:505] DATA RECV from 4.0: Data from 4.0␊
[16:07:52:024] #A color=red␊
[16:07:58:484] #A color=red␊
[16:07:58:653] ␊
[16:07:58:653] --- TABLE FOR 1.0 (My Path Sum: 0) ---␊
[16:07:58:653] Neighbor 3.0 | Path Sum: -172 | Local Link: -89␊
[16:07:58:653] Neighbor 4.0 | Path Sum: -152 | Local Link: -75␊
[16:07:58:653] ------------------------------------␊
[16:07:58:653] >>> DECISION: Node 1.0 has NO valid parent␊
[16:07:58:653] ====================================␊
[16:07:58:653] ␊
[16:08:00:505] DATA RECV from 4.0: Data from 4.0␊
[16:08:05:124] #A color=red␊
[16:08:08:668] ␊
[16:08:08:668] --- TABLE FOR 1.0 (My Path Sum: 0) ---␊
[16:08:08:668] Neighbor 3.0 | Path Sum: -172 | Local Link: -89␊
[16:08:08:668] Neighbor 4.0 | Path Sum: -149 | Local Link: -74␊
[16:08:08:668] ------------------------------------␊
[16:08:08:668] >>> DECISION: Node 1.0 has NO valid parent␊
[16:08:08:668] ====================================␊
[16:08:08:668] ␊
[16:08:10:502] DATA RECV from 4.0: Data from 4.0␊
[16:08:12:135] DATA RECV from 4.0: Data from 3.0␊
[16:08:13:116] #A color=red␊
[16:08:17:119] DATA RECV from 4.0: Data from 2.0␊
[16:08:18:123] #A color=red␊
[16:08:18:683] ␊
[16:08:18:683] --- TABLE FOR 1.0 (My Path Sum: 0) ---␊
[16:08:18:683] Neighbor 3.0 | Path Sum: -172 | Local Link: -89␊
[16:08:18:683] Neighbor 4.0 | Path Sum: -149 | Local Link: -74␊
[16:08:18:683] ------------------------------------␊
[16:08:18:683] >>> DECISION: Node 1.0 has NO valid parent␊
[16:08:18:683] ====================================␊
[16:08:18:683] ␊
[16:08:20:501] DATA RECV from 4.0: Data from 4.0␊
[16:08:22:133] DATA RECV from 4.0: Data from 3.0␊
[16:08:24:895] #A color=red␊
[16:08:27:103] DATA RECV from 4.0: Data from 2.0␊
[16:08:28:698] ␊
[16:08:28:698] --- TABLE FOR 1.0 (My Path Sum: 0) ---␊
[16:08:28:698] Neighbor 2.0 | Path Sum: -315 | Local Link: -83␊
[16:08:28:698] Neighbor 3.0 | Path Sum: -172 | Local Link: -89␊
[16:08:28:698] Neighbor 4.0 | Path Sum: -150 | Local Link: -75␊
[16:08:28:698] ------------------------------------␊
[16:08:28:698] >>> DECISION: Node 1.0 has NO valid parent␊
[16:08:28:705] ====================================␊
[16:08:28:705] ␊
[16:08:30:500] DATA RECV from 4.0: Data from 4.0␊
[16:08:30:707] #A color=red␊
[16:08:37:100] DATA RECV from 4.0: Data from 2.0␊
[16:08:37:316] #A color=red␊
[16:08:38:720] ␊
[16:08:38:720] --- TABLE FOR 1.0 (My Path Sum: 0) ---␊
[16:08:38:720] Neighbor 2.0 | Path Sum: -315 | Local Link: -83␊
[16:08:38:720] Neighbor 3.0 | Path Sum: -172 | Local Link: -89␊
[16:08:38:720] Neighbor 4.0 | Path Sum: -150 | Local Link: -75␊
[16:08:38:720] ------------------------------------␊
[16:08:38:720] >>> DECISION: Node 1.0 has NO valid parent␊
[16:08:38:726] ====================================␊
[16:08:38:726] ␊
[16:08:40:499] DATA RECV from 4.0: Data from 4.0␊
[16:08:42:237] #A color=red␊
[16:08:47:225] DATA RECV from 3.0: Data from 2.0␊
[16:08:48:518] #A color=red␊
[16:08:48:741] ␊
[16:08:48:741] --- TABLE FOR 1.0 (My Path Sum: 0) ---␊
[16:08:48:741] Neighbor 2.0 | Path Sum: -315 | Local Link: -83␊
[16:08:48:741] Neighbor 3.0 | Path Sum: -172 | Local Link: -89␊
[16:08:48:741] Neighbor 4.0 | Path Sum: -149 | Local Link: -74␊
[16:08:48:741] ------------------------------------␊
[16:08:48:741] >>> DECISION: Node 1.0 has NO valid parent␊
[16:08:48:749] ====================================␊
[16:08:48:749] ␊
[16:08:50:498] DATA RECV from 4.0: Data from 4.0␊
[16:08:52:076] DATA RECV from 3.0: Data from 3.0␊
[16:08:55:228] #A color=red␊
[16:08:58:757] ␊
[16:08:58:757] --- TABLE FOR 1.0 (My Path Sum: 0) ---␊
[16:08:58:757] Neighbor 2.0 | Path Sum: -315 | Local Link: -83␊
[16:08:58:757] Neighbor 3.0 | Path Sum: -172 | Local Link: -89␊
[16:08:58:757] Neighbor 4.0 | Path Sum: -151 | Local Link: -75␊
[16:08:58:757] ------------------------------------␊
[16:08:58:757] >>> DECISION: Node 1.0 has NO valid parent␊
[16:08:58:764] ====================================␊
[16:08:58:764] ␊
[16:09:00:496] DATA RECV from 4.0: Data from 4.0␊
[16:09:03:180] #A color=red␊
[16:09:08:780] ␊
[16:09:08:780] --- TABLE FOR 1.0 (My Path Sum: 0) ---␊
[16:09:08:780] Neighbor 2.0 | Path Sum: -315 | Local Link: -83␊
[16:09:08:780] Neighbor 3.0 | Path Sum: -172 | Local Link: -89␊
[16:09:08:780] Neighbor 4.0 | Path Sum: -151 | Local Link: -75␊
[16:09:08:780] ------------------------------------␊
[16:09:08:780] >>> DECISION: Node 1.0 has NO valid parent␊
[16:09:08:788] ====================================␊
[16:09:08:788] ␊
[16:09:10:187] #A color=red␊
[16:09:10:496] DATA RECV from 4.0: Data from 4.0␊
[16:09:17:460] #A color=red␊
[16:09:18:802] ␊
[16:09:18:802] --- TABLE FOR 1.0 (My Path Sum: 0) ---␊
[16:09:18:802] Neighbor 2.0 | Path Sum: -315 | Local Link: -83␊
[16:09:18:802] Neighbor 3.0 | Path Sum: -172 | Local Link: -89␊
[16:09:18:802] Neighbor 4.0 | Path Sum: -150 | Local Link: -75␊
[16:09:18:802] ------------------------------------␊
[16:09:18:802] >>> DECISION: Node 1.0 has NO valid parent␊
[16:09:18:809] ====================================␊
[16:09:18:809] ␊
[16:09:20:495] DATA RECV from 4.0: Data from 4.0␊
[16:09:21:897] #A color=red␊
[16:09:28:816] ␊
[16:09:28:816] --- TABLE FOR 1.0 (My Path Sum: 0) ---␊
[16:09:28:816] Neighbor 2.0 | Path Sum: -277 | Local Link: -97␊
[16:09:28:816] Neighbor 3.0 | Path Sum: -172 | Local Link: -89␊
[16:09:28:816] Neighbor 4.0 | Path Sum: -149 | Local Link: -74␊
[16:09:28:816] ------------------------------------␊
[16:09:28:816] >>> DECISION: Node 1.0 has NO valid parent␊
[16:09:28:824] ====================================␊
[16:09:28:824] ␊
[16:09:29:036] #A color=red␊
[16:09:30:494] DATA RECV from 4.0: Data from 4.0␊
[16:09:33:263] #A color=red␊
[16:09:38:341] #A color=red␊
[16:09:38:839] ␊
[16:09:38:839] --- TABLE FOR 1.0 (My Path Sum: 0) ---␊
[16:09:38:839] Neighbor 2.0 | Path Sum: -277 | Local Link: -97␊
[16:09:38:839] Neighbor 3.0 | Path Sum: -172 | Local Link: -89␊
[16:09:38:839] Neighbor 4.0 | Path Sum: -150 | Local Link: -75␊
[16:09:38:839] ------------------------------------␊
[16:09:38:839] >>> DECISION: Node 1.0 has NO valid parent␊
[16:09:38:847] ====================================␊
[16:09:38:847] ␊
[16:09:40:492] DATA RECV from 4.0: Data from 4.0␊
[16:09:44:129] #A color=red␊
[16:09:48:853] ␊
[16:09:48:853] --- TABLE FOR 1.0 (My Path Sum: 0) ---␊
[16:09:48:853] Neighbor 2.0 | Path Sum: -277 | Local Link: -97␊
[16:09:48:853] Neighbor 3.0 | Path Sum: -172 | Local Link: -89␊
[16:09:48:853] Neighbor 4.0 | Path Sum: -150 | Local Link: -75␊
[16:09:48:853] ------------------------------------␊
[16:09:48:853] >>> DECISION: Node 1.0 has NO valid parent␊
[16:09:48:860] ====================================␊
[16:09:48:860] ␊
[16:09:49:691] #A color=red␊
[16:09:50:492] DATA RECV from 4.0: Data from 4.0␊
[16:09:55:362] #A color=red␊
[16:09:58:868] ␊
[16:09:58:868] --- TABLE FOR 1.0 (My Path Sum: 0) ---␊
[16:09:58:868] Neighbor 2.0 | Path Sum: -277 | Local Link: -97␊
[16:09:58:868] Neighbor 3.0 | Path Sum: -172 | Local Link: -89␊
[16:09:58:868] Neighbor 4.0 | Path Sum: -151 | Local Link: -75␊
[16:09:58:868] ------------------------------------␊
[16:09:58:868] >>> DECISION: Node 1.0 has NO valid parent␊
[16:09:58:875] ====================================␊
[16:09:58:875] ␊
[16:10:00:490] DATA RECV from 4.0: Data from 4.0␊
[16:10:01:080] #A color=red␊
[16:10:05:775] #A color=red␊
[16:10:08:889] ␊
[16:10:08:889] --- TABLE FOR 1.0 (My Path Sum: 0) ---␊
[16:10:08:889] Neighbor 2.0 | Path Sum: -277 | Local Link: -97␊
[16:10:08:889] Neighbor 3.0 | Path Sum: -172 | Local Link: -89␊
[16:10:08:889] Neighbor 4.0 | Path Sum: -150 | Local Link: -75␊
[16:10:08:889] ------------------------------------␊
[16:10:08:889] >>> DECISION: Node 1.0 has NO valid parent␊
[16:10:08:896] ====================================␊
[16:10:08:896] ␊
[16:10:10:490] DATA RECV from 4.0: Data from 4.0␊
[16:10:13:220] #A color=red␊
[16:10:18:602] #A color=red␊
[16:10:18:912] ␊
[16:10:18:912] --- TABLE FOR 1.0 (My Path Sum: 0) ---␊
[16:10:18:912] Neighbor 2.0 | Path Sum: -277 | Local Link: -97␊
[16:10:18:912] Neighbor 3.0 | Path Sum: -172 | Local Link: -89␊
[16:10:18:912] Neighbor 4.0 | Path Sum: -150 | Local Link: -75␊
[16:10:18:912] ------------------------------------␊
[16:10:18:912] >>> DECISION: Node 1.0 has NO valid parent␊
[16:10:18:927] ====================================␊
[16:10:18:927] ␊
[16:10:20:489] DATA RECV from 4.0: Data from 4.0␊
[16:10:25:531] #A color=red␊
[16:10:27:412] Contiki-3.x-3345-g32b5b17f6␊
[16:10:27:412] Zolertia RE-Mote revision B platform␊
[16:10:27:412] CC2538: ID: 0xb964, rev.: PG2.0, Flash: 512 KiB, SRAM: 32 KiB, AES/SHA: 1, ECC/RSA: 1␊
[16:10:27:412] System clock: 16000000 Hz␊
[16:10:27:412] I/O clock: 16000000 Hz␊
[16:10:27:412] Reset cause: External reset␊
[16:10:27:412] Rime configured with address 01:00␊
[16:10:27:420]  Net: Rime␊
[16:10:27:420]  MAC: CSMA␊
[16:10:27:420]  RDC: ContikiMAC␊
[16:10:27:420] Transmission Power Set : 7 dBm␊
[16:10:30:486] DATA RECV from 4.0: Data from 4.0␊
[16:10:32:410] #A color=red␊
[16:10:37:097] #A color=red␊
[16:10:37:434] ␊
[16:10:37:434] --- TABLE FOR 1.0 (My Path Sum: 0) ---␊
[16:10:37:434] Neighbor 4.0 | Path Sum: -148 | Local Link: -76␊
[16:10:37:434] ------------------------------------␊
[16:10:37:434] >>> DECISION: Node 1.0 has NO valid parent␊
[16:10:37:434] ====================================␊
[16:10:37:434] ␊
[16:10:40:485] DATA RECV from 4.0: Data from 4.0␊
[16:10:43:987] #A color=red␊
[16:10:47:441] ␊
[16:10:47:441] --- TABLE FOR 1.0 (My Path Sum: 0) ---␊
[16:10:47:441] Neighbor 4.0 | Path Sum: -148 | Local Link: -76␊
[16:10:47:441] ------------------------------------␊
[16:10:47:441] >>> DECISION: Node 1.0 has NO valid parent␊
[16:10:47:441] ====================================␊
[16:10:47:441] ␊
[16:10:49:768] #A color=red␊
[16:10:50:484] DATA RECV from 4.0: Data from 4.0␊
[16:10:55:329] #A color=red␊
[16:10:57:448] ␊
[16:10:57:448] --- TABLE FOR 1.0 (My Path Sum: 0) ---␊
[16:10:57:448] Neighbor 4.0 | Path Sum: -147 | Local Link: -76␊
[16:10:57:448] ------------------------------------␊
[16:10:57:448] >>> DECISION: Node 1.0 has NO valid parent␊
[16:10:57:448] ====================================␊
[16:10:57:448] ␊
[16:11:00:483] DATA RECV from 4.0: Data from 4.0␊
[16:11:00:993] #A color=red␊
[16:11:07:462] ␊
[16:11:07:462] --- TABLE FOR 1.0 (My Path Sum: 0) ---␊
[16:11:07:462] Neighbor 4.0 | Path Sum: -147 | Local Link: -75␊
[16:11:07:462] ------------------------------------␊
[16:11:07:462] >>> DECISION: Node 1.0 has NO valid parent␊
[16:11:07:462] ====================================␊
[16:11:07:462] ␊
[16:11:08:734] #A color=red␊
[16:11:10:482] DATA RECV from 4.0: Data from 4.0␊
[16:11:14:937] #A color=red␊
[16:11:17:469] ␊
[16:11:17:469] --- TABLE FOR 1.0 (My Path Sum: 0) ---␊
[16:11:17:469] Neighbor 4.0 | Path Sum: -146 | Local Link: -75␊
[16:11:17:469] ------------------------------------␊
[16:11:17:469] >>> DECISION: Node 1.0 has NO valid parent␊
[16:11:17:469] ====================================␊
[16:11:17:469] ␊
[16:11:20:481] DATA RECV from 4.0: Data from 4.0␊
[16:11:20:514] #A color=red␊
[16:11:26:186] #A color=red␊
[16:11:27:488] ␊
[16:11:27:488] --- TABLE FOR 1.0 (My Path Sum: 0) ---␊
[16:11:27:488] Neighbor 2.0 | Path Sum: -1099 | Local Link: -99␊
[16:11:27:488] Neighbor 4.0 | Path Sum: -147 | Local Link: -76␊
[16:11:27:488] ------------------------------------␊
[16:11:27:488] >>> DECISION: Node 1.0 has NO valid parent␊
[16:11:27:488] ====================================␊
[16:11:27:488] ␊
[16:11:30:480] DATA RECV from 4.0: Data from 4.0␊
[16:11:31:927] #A color=red␊
[16:11:37:511] ␊
[16:11:37:511] --- TABLE FOR 1.0 (My Path Sum: 0) ---␊
[16:11:37:511] Neighbor 2.0 | Path Sum: -1099 | Local Link: -99␊
[16:11:37:511] Neighbor 4.0 | Path Sum: -147 | Local Link: -76␊
[16:11:37:511] ------------------------------------␊
[16:11:37:511] >>> DECISION: Node 1.0 has NO valid parent␊
[16:11:37:511] ====================================␊
[16:11:37:511] ␊
[16:11:38:630] #A color=red␊
[16:11:43:583] #A color=red␊
[16:11:47:525] ␊
[16:11:47:525] --- TABLE FOR 1.0 (My Path Sum: 0) ---␊
[16:11:47:525] Neighbor 2.0 | Path Sum: -1099 | Local Link: -99␊
[16:11:47:525] Neighbor 4.0 | Path Sum: -147 | Local Link: -76␊
[16:11:47:525] ------------------------------------␊
[16:11:47:525] >>> DECISION: Node 1.0 has NO valid parent␊
[16:11:47:525] ====================================␊
[16:11:47:525] ␊
[16:11:50:848] #A color=red␊
[16:11:57:540] ␊
[16:11:57:540] --- TABLE FOR 1.0 (My Path Sum: 0) ---␊
[16:11:57:540] Neighbor 2.0 | Path Sum: -1099 | Local Link: -99␊
[16:11:57:540] Neighbor 4.0 | Path Sum: -147 | Local Link: -76␊
[16:11:57:540] ------------------------------------␊
[16:11:57:540] >>> DECISION: Node 1.0 has NO valid parent␊
[16:11:57:540] ====================================␊
[16:11:57:540] ␊
[16:11:58:285] #A color=red␊
[16:12:05:667] #A color=red␊
[16:12:07:563] ␊
[16:12:07:563] --- TABLE FOR 1.0 (My Path Sum: 0) ---␊
[16:12:07:563] Neighbor 2.0 | Path Sum: -1099 | Local Link: -99␊
[16:12:07:563] Neighbor 4.0 | Path Sum: -147 | Local Link: -76␊
[16:12:07:563] ------------------------------------␊
[16:12:07:563] >>> DECISION: Node 1.0 has NO valid parent␊
[16:12:07:563] ====================================␊
[16:12:07:563] ␊
[16:12:10:073] #A color=red␊
[16:12:17:228] #A color=red␊
[16:12:17:578] ␊
[16:12:17:578] --- TABLE FOR 1.0 (My Path Sum: 0) ---␊
[16:12:17:578] Neighbor 2.0 | Path Sum: -1099 | Local Link: -99␊
[16:12:17:578] Neighbor 4.0 | Path Sum: -147 | Local Link: -76␊
[16:12:17:578] ------------------------------------␊
[16:12:17:578] >>> DECISION: Node 1.0 has NO valid parent␊
[16:12:17:578] ====================================␊
[16:12:17:578] ␊
[16:12:23:572] #A color=red␊
[16:12:27:592] ␊
[16:12:27:592] --- TABLE FOR 1.0 (My Path Sum: 0) ---␊
[16:12:27:592] Neighbor 2.0 | Path Sum: -1099 | Local Link: -99␊
[16:12:27:592] Neighbor 4.0 | Path Sum: -147 | Local Link: -76␊
[16:12:27:592] ------------------------------------␊
[16:12:27:592] >>> DECISION: Node 1.0 has NO valid parent␊
[16:12:27:592] ====================================␊
[16:12:27:592] ␊
[16:12:30:305] #A color=red␊
[16:12:37:607] ␊
[16:12:37:607] --- TABLE FOR 1.0 (My Path Sum: 0) ---␊
[16:12:37:607] Neighbor 2.0 | Path Sum: -1099 | Local Link: -99␊
[16:12:37:607] Neighbor 4.0 | Path Sum: -147 | Local Link: -76␊
[16:12:37:607] ------------------------------------␊
[16:12:37:607] >>> DECISION: Node 1.0 has NO valid parent␊
[16:12:37:607] ====================================␊
[16:12:37:607] ␊
[16:12:38:250] #A color=red␊
[16:12:44:265] #A color=red␊
[16:12:47:630] ␊
[16:12:47:630] --- TABLE FOR 1.0 (My Path Sum: 0) ---␊
[16:12:47:630] Neighbor 2.0 | Path Sum: -1099 | Local Link: -99␊
[16:12:47:630] Neighbor 4.0 | Path Sum: -147 | Local Link: -76␊
[16:12:47:630] ------------------------------------␊
[16:12:47:630] >>> DECISION: Node 1.0 has NO valid parent␊
[16:12:47:630] ====================================␊
[16:12:47:630] ␊
[16:12:51:764] #A color=red␊
[16:12:57:644] ␊
[16:12:57:644] --- TABLE FOR 1.0 (My Path Sum: 0) ---␊
[16:12:57:644] Neighbor 2.0 | Path Sum: -1099 | Local Link: -99␊
[16:12:57:644] Neighbor 4.0 | Path Sum: -147 | Local Link: -76␊
[16:12:57:644] ------------------------------------␊
[16:12:57:644] >>> DECISION: Node 1.0 has NO valid parent␊
[16:12:57:644] ====================================␊
[16:12:57:644] ␊
[16:12:58:912] #A color=red␊
[16:13:01:778] DATA RECV from 4.0: Data from 4.0␊
[16:13:04:279] #A color=red␊
[16:13:07:667] ␊
[16:13:07:667] --- TABLE FOR 1.0 (My Path Sum: 0) ---␊
[16:13:07:667] Neighbor 2.0 | Path Sum: -1099 | Local Link: -99␊
[16:13:07:667] Neighbor 4.0 | Path Sum: -163 | Local Link: -81␊
[16:13:07:667] ------------------------------------␊
[16:13:07:667] >>> DECISION: Node 1.0 has NO valid parent␊
[16:13:07:667] ====================================␊
[16:13:07:667] ␊
[16:13:11:777] DATA RECV from 4.0: Data from 4.0␊
[16:13:12:263] #A color=red␊
[16:13:17:682] ␊
[16:13:17:682] --- TABLE FOR 1.0 (My Path Sum: 0) ---␊
[16:13:17:682] Neighbor 2.0 | Path Sum: -1099 | Local Link: -99␊
[16:13:17:682] Neighbor 4.0 | Path Sum: -163 | Local Link: -81␊
[16:13:17:682] ------------------------------------␊
[16:13:17:682] >>> DECISION: Node 1.0 has NO valid parent␊
[16:13:17:682] ====================================␊
[16:13:17:682] ␊
[16:13:19:270] #A color=red␊
[16:13:21:776] DATA RECV from 4.0: Data from 4.0␊
[16:13:26:520] #A color=red␊
[16:13:27:705] ␊
[16:13:27:705] --- TABLE FOR 1.0 (My Path Sum: 0) ---␊
[16:13:27:705] Neighbor 2.0 | Path Sum: -1099 | Local Link: -99␊
[16:13:27:705] Neighbor 4.0 | Path Sum: -163 | Local Link: -81␊
[16:13:27:705] ------------------------------------␊
[16:13:27:705] >>> DECISION: Node 1.0 has NO valid parent␊
[16:13:27:705] ====================================␊
[16:13:27:705] ␊
[16:13:31:790] DATA RECV from 4.0: Data from 4.0␊
[16:13:32:980] #A color=red␊
[16:13:37:727] ␊
[16:13:37:727] --- TABLE FOR 1.0 (My Path Sum: 0) ---␊
[16:13:37:727] Neighbor 2.0 | Path Sum: -1099 | Local Link: -99␊
[16:13:37:727] Neighbor 4.0 | Path Sum: -167 | Local Link: -85␊
[16:13:37:727] ------------------------------------␊
[16:13:37:727] >>> DECISION: Node 1.0 has NO valid parent␊
[16:13:37:727] ====================================␊
[16:13:37:727] ␊
[16:13:39:612] #A color=red␊
[16:13:41:789] DATA RECV from 4.0: Data from 4.0␊
[16:13:47:580] #A color=red␊
[16:13:47:742] ␊
[16:13:47:742] --- TABLE FOR 1.0 (My Path Sum: 0) ---␊
[16:13:47:742] Neighbor 2.0 | Path Sum: -1099 | Local Link: -99␊
[16:13:47:742] Neighbor 4.0 | Path Sum: -169 | Local Link: -87␊
[16:13:47:742] ------------------------------------␊
[16:13:47:742] >>> DECISION: Node 1.0 has NO valid parent␊
[16:13:47:742] ====================================␊
[16:13:47:742] ␊
[16:13:51:774] DATA RECV from 4.0: Data from 4.0␊
[16:13:54:595] #A color=red␊
[16:13:57:757] ␊
[16:13:57:757] --- TABLE FOR 1.0 (My Path Sum: 0) ---␊
[16:13:57:757] Neighbor 2.0 | Path Sum: -1099 | Local Link: -99␊
[16:13:57:757] Neighbor 4.0 | Path Sum: -165 | Local Link: -83␊
[16:13:57:757] ------------------------------------␊
[16:13:57:757] >>> DECISION: Node 1.0 has NO valid parent␊
[16:13:57:757] ====================================␊
[16:13:57:757] ␊
[16:14:00:845] #A color=red␊
[16:14:01:787] DATA RECV from 4.0: Data from 4.0␊
[16:14:07:772] ␊
[16:14:07:772] --- TABLE FOR 1.0 (My Path Sum: 0) ---␊
[16:14:07:772] Neighbor 2.0 | Path Sum: -1099 | Local Link: -99␊
[16:14:07:772] Neighbor 4.0 | Path Sum: -171 | Local Link: -89␊
[16:14:07:772] ------------------------------------␊
[16:14:07:772] >>> DECISION: Node 1.0 has NO valid parent␊
[16:14:07:772] ====================================␊
[16:14:07:772] ␊
[16:14:08:555] #A color=red␊
[16:14:11:903] DATA RECV from 4.0: Data from 4.0␊
[16:14:12:750] #A color=red␊
[16:14:17:794] ␊
[16:14:17:794] --- TABLE FOR 1.0 (My Path Sum: 0) ---␊
[16:14:17:794] Neighbor 2.0 | Path Sum: -1099 | Local Link: -99␊
[16:14:17:794] Neighbor 4.0 | Path Sum: -171 | Local Link: -89␊
[16:14:17:794] ------------------------------------␊
[16:14:17:794] >>> DECISION: Node 1.0 has NO valid parent␊
[16:14:17:794] ====================================␊
[16:14:17:794] ␊
[16:14:17:828] #A color=red␊
[16:14:21:786] DATA RECV from 4.0: Data from 4.0␊
[16:14:24:624] #A color=red␊
[16:14:27:817] ␊
[16:14:27:817] --- TABLE FOR 1.0 (My Path Sum: 0) ---␊
[16:14:27:817] Neighbor 2.0 | Path Sum: -1099 | Local Link: -99␊
[16:14:27:817] Neighbor 4.0 | Path Sum: -171 | Local Link: -89␊
[16:14:27:817] ------------------------------------␊
[16:14:27:817] >>> DECISION: Node 1.0 has NO valid parent␊
[16:14:27:817] ====================================␊
[16:14:27:817] ␊
[16:14:31:460] #A color=red␊
[16:14:37:840] ␊
[16:14:37:840] --- TABLE FOR 1.0 (My Path Sum: 0) ---␊
[16:14:37:840] Neighbor 2.0 | Path Sum: -1099 | Local Link: -99␊
[16:14:37:840] Neighbor 4.0 | Path Sum: -171 | Local Link: -89␊
[16:14:37:840] ------------------------------------␊
[16:14:37:840] >>> DECISION: Node 1.0 has NO valid parent␊
[16:14:37:840] ====================================␊
[16:14:37:840] ␊
[16:14:39:311] #A color=red␊
[16:14:41:861] DATA RECV from 4.0: Data from 4.0␊
[16:14:45:412] #A color=red␊
[16:14:47:855] ␊
[16:14:47:855] --- TABLE FOR 1.0 (My Path Sum: 0) ---␊
[16:14:47:855] Neighbor 2.0 | Path Sum: -1099 | Local Link: -99␊
[16:14:47:855] Neighbor 4.0 | Path Sum: -171 | Local Link: -89␊
[16:14:47:855] ------------------------------------␊
[16:14:47:855] >>> DECISION: Node 1.0 has NO valid parent␊
[16:14:47:855] ====================================␊
[16:14:47:855] ␊
[16:14:49:951] #A color=red␊
[16:14:51:814] DATA RECV from 4.0: Data from 4.0␊
[16:14:55:349] #A color=red␊
[16:14:57:877] ␊
[16:14:57:877] --- TABLE FOR 1.0 (My Path Sum: 0) ---␊
[16:14:57:877] Neighbor 2.0 | Path Sum: -1099 | Local Link: -99␊
[16:14:57:877] Neighbor 4.0 | Path Sum: -171 | Local Link: -89␊
[16:14:57:877] ------------------------------------␊
[16:14:57:877] >>> DECISION: Node 1.0 has NO valid parent␊
[16:14:57:877] ====================================␊
[16:14:57:877] ␊
[16:15:01:777] Contiki-3.x-3345-g32b5b17f6␊
[16:15:01:777] Zolertia RE-Mote revision B platform␊
[16:15:01:777] CC2538: ID: 0xb964, rev.: PG2.0, Flash: 512 KiB, SRAM: 32 KiB, AES/SHA: 1, ECC/RSA: 1␊
[16:15:01:777] System clock: 16000000 Hz␊
[16:15:01:777] I/O clock: 16000000 Hz␊
[16:15:01:777] Reset cause: External reset␊
[16:15:01:777] Rime configured with address 01:00␊
[16:15:01:783]  Net: Rime␊
[16:15:01:783]  MAC: CSMA␊
[16:15:01:783]  RDC: ContikiMAC␊
[16:15:01:783] Transmission Power Set : 7 dBm␊
[16:15:07:586] #A color=red␊
[16:15:11:790] ␊
[16:15:11:790] --- TABLE FOR 1.0 (My Path Sum: 0) ---␊
[16:15:11:790] Neighbor 2.0 | Path Sum: -1091 | Local Link: -91␊
[16:15:11:790] ------------------------------------␊
[16:15:11:790] >>> DECISION: Node 1.0 has NO valid parent␊
[16:15:11:790] ====================================␊
[16:15:11:790] ␊
[16:15:14:008] #A color=red␊
[16:15:20:499] #A color=red␊
[16:15:21:797] ␊
[16:15:21:797] --- TABLE FOR 1.0 (My Path Sum: 0) ---␊
[16:15:21:797] Neighbor 2.0 | Path Sum: -1091 | Local Link: -91␊
[16:15:21:797] ------------------------------------␊
[16:15:21:797] >>> DECISION: Node 1.0 has NO valid parent␊
[16:15:21:797] ====================================␊
[16:15:21:797] ␊
[16:15:25:132] #A color=red␊
[16:15:31:624] #A color=red␊
[16:15:31:809] ␊
[16:15:31:809] --- TABLE FOR 1.0 (My Path Sum: 0) ---␊
[16:15:31:809] Neighbor 4.0 | Path Sum: -187 | Local Link: -93␊
[16:15:31:809] Neighbor 2.0 | Path Sum: -1091 | Local Link: -91␊
[16:15:31:809] ------------------------------------␊
[16:15:31:809] >>> DECISION: Node 1.0 has NO valid parent␊
[16:15:31:809] ====================================␊
[16:15:31:809] ␊
[16:15:39:256] #A color=red␊
[16:15:41:760] DATA RECV from 4.0: Data from 4.0␊
[16:15:41:824] ␊
[16:15:41:824] --- TABLE FOR 1.0 (My Path Sum: 0) ---␊
[16:15:41:824] Neighbor 4.0 | Path Sum: -187 | Local Link: -93␊
[16:15:41:824] Neighbor 2.0 | Path Sum: -1091 | Local Link: -91␊
[16:15:41:824] ------------------------------------␊
[16:15:41:824] >>> DECISION: Node 1.0 has NO valid parent␊
[16:15:41:824] ====================================␊
[16:15:41:824] ␊
[16:15:43:498] #A color=red␊
[16:15:49:568] #A color=red␊
[16:15:51:759] DATA RECV from 4.0: Data from 4.0␊
[16:15:51:839] ␊
[16:15:51:839] --- TABLE FOR 1.0 (My Path Sum: 0) ---␊
[16:15:51:839] Neighbor 4.0 | Path Sum: -186 | Local Link: -92␊
[16:15:51:839] Neighbor 2.0 | Path Sum: -1091 | Local Link: -91␊
[16:15:51:839] ------------------------------------␊
[16:15:51:839] >>> DECISION: Node 1.0 has NO valid parent␊
[16:15:51:839] ====================================␊
[16:15:51:839] ␊
[16:15:56:106] #A color=red␊
[16:16:01:791] DATA RECV from 4.0: Data from 4.0␊
[16:16:01:854] ␊
[16:16:01:854] --- TABLE FOR 1.0 (My Path Sum: 0) ---␊
[16:16:01:854] Neighbor 4.0 | Path Sum: -187 | Local Link: -93␊
[16:16:01:854] Neighbor 2.0 | Path Sum: -1091 | Local Link: -91␊
[16:16:01:854] ------------------------------------␊
[16:16:01:854] >>> DECISION: Node 1.0 has NO valid parent␊
[16:16:01:854] ====================================␊
[16:16:01:854] ␊
[16:16:02:981] #A color=red␊
[16:16:07:762] #A color=red␊
[16:16:11:767] DATA RECV from 4.0: Data from 4.0␊
[16:16:11:869] ␊
[16:16:11:869] --- TABLE FOR 1.0 (My Path Sum: 0) ---␊
[16:16:11:869] Neighbor 4.0 | Path Sum: -188 | Local Link: -94␊
[16:16:11:869] Neighbor 2.0 | Path Sum: -1091 | Local Link: -91␊
[16:16:11:869] ------------------------------------␊
[16:16:11:869] >>> DECISION: Node 1.0 has NO valid parent␊
[16:16:11:869] ====================================␊
[16:16:11:869] ␊
[16:16:12:098] #A color=red␊
[16:16:19:331] #A color=red␊
[16:16:21:766] DATA RECV from 4.0: Data from 4.0␊
[16:16:21:884] ␊
[16:16:21:884] --- TABLE FOR 1.0 (My Path Sum: 0) ---␊
[16:16:21:884] Neighbor 4.0 | Path Sum: -190 | Local Link: -96␊
[16:16:21:884] Neighbor 2.0 | Path Sum: -1091 | Local Link: -91␊
[16:16:21:884] ------------------------------------␊
[16:16:21:884] >>> DECISION: Node 1.0 has NO valid parent␊
[16:16:21:884] ====================================␊
[16:16:21:884] ␊
[16:16:25:659] #A color=red␊
[16:16:31:765] DATA RECV from 4.0: Data from 4.0␊
[16:16:31:899] ␊
[16:16:31:899] --- TABLE FOR 1.0 (My Path Sum: 0) ---␊
[16:16:31:899] Neighbor 4.0 | Path Sum: -187 | Local Link: -93␊
[16:16:31:899] Neighbor 2.0 | Path Sum: -1091 | Local Link: -91␊
[16:16:31:899] ------------------------------------␊
[16:16:31:899] >>> DECISION: Node 1.0 has NO valid parent␊
[16:16:31:899] ====================================␊
[16:16:31:899] ␊
[16:16:33:385] #A color=red␊
[16:16:39:588] #A color=red␊
[16:16:41:866] DATA RECV from 4.0: Data from 3.0␊
[16:16:41:913] ␊
[16:16:41:913] --- TABLE FOR 1.0 (My Path Sum: 0) ---␊
[16:16:41:913] Neighbor 4.0 | Path Sum: -187 | Local Link: -93␊
[16:16:41:913] Neighbor 2.0 | Path Sum: -1091 | Local Link: -91␊
[16:16:41:913] ------------------------------------␊
[16:16:41:913] >>> DECISION: Node 1.0 has NO valid parent␊
[16:16:41:913] ====================================␊
[16:16:41:913] ␊
[16:16:44:158] #A color=red␊
[16:16:51:571] #A color=red␊
[16:16:51:928] ␊
[16:16:51:928] --- TABLE FOR 1.0 (My Path Sum: 0) ---␊
[16:16:51:928] Neighbor 4.0 | Path Sum: -187 | Local Link: -93␊
[16:16:51:928] Neighbor 2.0 | Path Sum: -1091 | Local Link: -91␊
[16:16:51:928] ------------------------------------␊
[16:16:51:928] >>> DECISION: Node 1.0 has NO valid parent␊
[16:16:51:928] ====================================␊
[16:16:51:928] ␊
[16:16:58:977] #A color=red␊
[16:17:01:771] DATA RECV from 4.0: Data from 4.0␊
[16:17:01:943] ␊
[16:17:01:943] --- TABLE FOR 1.0 (My Path Sum: 0) ---␊
[16:17:01:943] Neighbor 4.0 | Path Sum: -187 | Local Link: -93␊
[16:17:01:943] Neighbor 2.0 | Path Sum: -1091 | Local Link: -91␊
[16:17:01:943] ------------------------------------␊
[16:17:01:943] >>> DECISION: Node 1.0 has NO valid parent␊
[16:17:01:943] ====================================␊
[16:17:01:943] ␊
[16:17:06:406] #A color=red␊
[16:17:10:836] #A color=red␊
[16:17:11:817] DATA RECV from 4.0: Data from 4.0␊
[16:17:11:833] DATA RECV from 4.0: Data from 3.0␊
[16:17:11:958] ␊
[16:17:11:958] --- TABLE FOR 1.0 (My Path Sum: 0) ---␊
[16:17:11:958] Neighbor 4.0 | Path Sum: -187 | Local Link: -93␊
[16:17:11:958] Neighbor 2.0 | Path Sum: -1091 | Local Link: -91␊
[16:17:11:958] ------------------------------------␊
[16:17:11:958] >>> DECISION: Node 1.0 has NO valid parent␊
[16:17:11:958] ====================================␊
[16:17:11:958] ␊
[16:17:18:015] #A color=red␊
[16:17:21:825] DATA RECV from 4.0: Data from 4.0␊
[16:17:21:973] ␊
[16:17:21:973] --- TABLE FOR 1.0 (My Path Sum: 0) ---␊
[16:17:21:973] Neighbor 4.0 | Path Sum: -187 | Local Link: -93␊
[16:17:21:973] Neighbor 2.0 | Path Sum: -1091 | Local Link: -91␊
[16:17:21:973] ------------------------------------␊
[16:17:21:973] >>> DECISION: Node 1.0 has NO valid parent␊
[16:17:21:973] ====================================␊
[16:17:21:973] ␊
[16:17:25:382] #A color=red␊
[16:17:30:858] #A color=red␊
[16:17:31:854] DATA RECV from 4.0: Data from 4.0␊
[16:17:31:988] ␊
[16:17:31:988] --- TABLE FOR 1.0 (My Path Sum: 0) ---␊
[16:17:31:988] Neighbor 4.0 | Path Sum: -185 | Local Link: -94␊
[16:17:31:988] Neighbor 2.0 | Path Sum: -1091 | Local Link: -91␊
[16:17:31:988] ------------------------------------␊
[16:17:31:988] >>> DECISION: Node 1.0 has NO valid parent␊
[16:17:31:988] ====================================␊
[16:17:31:988] ␊
[16:17:38:748] #A color=red␊
[16:17:42:003] ␊
[16:17:42:003] --- TABLE FOR 1.0 (My Path Sum: 0) ---␊
[16:17:42:003] Neighbor 4.0 | Path Sum: -185 | Local Link: -94␊
[16:17:42:003] Neighbor 2.0 | Path Sum: -1091 | Local Link: -91␊
[16:17:42:003] ------------------------------------␊
[16:17:42:003] >>> DECISION: Node 1.0 has NO valid parent␊
[16:17:42:003] ====================================␊
[16:17:42:003] ␊
[16:17:44:802] #A color=red␊
[16:17:51:325] #A color=red␊
[16:17:51:790] DATA RECV from 4.0: Data from 4.0␊
[16:17:52:018] ␊
[16:17:52:018] --- TABLE FOR 1.0 (My Path Sum: 0) ---␊
[16:17:52:018] Neighbor 4.0 | Path Sum: -185 | Local Link: -94␊
[16:17:52:018] Neighbor 2.0 | Path Sum: -1091 | Local Link: -91␊
[16:17:52:018] ------------------------------------␊
[16:17:52:018] >>> DECISION: Node 1.0 has NO valid parent␊
[16:17:52:018] ====================================␊
[16:17:52:018] ␊
[16:17:56:200] #A color=red␊
[16:18:00:481] #A color=red␊
[16:18:01:775] DATA RECV from 4.0: Data from 4.0␊
[16:18:02:033] ␊
[16:18:02:033] --- TABLE FOR 1.0 (My Path Sum: 0) ---␊
[16:18:02:033] Neighbor 4.0 | Path Sum: -191 | Local Link: -93␊
[16:18:02:033] Neighbor 2.0 | Path Sum: -1091 | Local Link: -91␊
[16:18:02:033] ------------------------------------␊
[16:18:02:033] >>> DECISION: Node 1.0 has NO valid parent␊
[16:18:02:033] ====================================␊
[16:18:02:033] ␊
[16:18:05:692] #A color=red␊
[16:18:11:774] DATA RECV from 4.0: Data from 4.0␊
[16:18:12:048] ␊
[16:18:12:048] --- TABLE FOR 1.0 (My Path Sum: 0) ---␊
[16:18:12:048] Neighbor 4.0 | Path Sum: -189 | Local Link: -91␊
[16:18:12:048] Neighbor 2.0 | Path Sum: -1091 | Local Link: -91␊
[16:18:12:048] ------------------------------------␊
[16:18:12:048] >>> DECISION: Node 1.0 has NO valid parent␊
[16:18:12:048] ====================================␊
[16:18:12:048] ␊
[16:18:12:519] #A color=red␊
[16:18:18:371] #A color=red␊
[16:18:22:063] ␊
[16:18:22:063] --- TABLE FOR 1.0 (My Path Sum: 0) ---␊
[16:18:22:063] Neighbor 4.0 | Path Sum: -190 | Local Link: -92␊
[16:18:22:063] Neighbor 2.0 | Path Sum: -1091 | Local Link: -91␊
[16:18:22:063] ------------------------------------␊
[16:18:22:063] >>> DECISION: Node 1.0 has NO valid parent␊
[16:18:22:063] ====================================␊
[16:18:22:063] ␊
[16:18:23:876] Contiki-3.x-3345-g32b5b17f6␊
[16:18:23:876] Zolertia RE-Mote revision B platform␊
[16:18:23:876] CC2538: ID: 0xb964, rev.: PG2.0, Flash: 512 KiB, SRAM: 32 KiB, AES/SHA: 1, ECC/RSA: 1␊
[16:18:23:876] System clock: 16000000 Hz␊
[16:18:23:876] I/O clock: 16000000 Hz␊
[16:18:23:876] Reset cause: External reset␊
[16:18:23:876] Rime configured with address 01:00␊
[16:18:23:884]  Net: Rime␊
[16:18:23:884]  MAC: CSMA␊
[16:18:23:884]  RDC: ContikiMAC␊
[16:18:23:884] Transmission Power Set : 7 dBm␊
[16:18:29:546] #A color=red␊
[16:18:33:886] ␊
[16:18:33:886] --- TABLE FOR 1.0 (My Path Sum: 0) ---␊
[16:18:33:886] ------------------------------------␊
[16:18:33:886] >>> DECISION: Node 1.0 has NO valid parent␊
[16:18:33:886] ====================================␊
[16:18:33:886] ␊
[16:18:35:991] #A color=red␊
[16:18:41:733] #A color=red␊
[16:18:43:893] ␊
[16:18:43:893] --- TABLE FOR 1.0 (My Path Sum: 0) ---␊
[16:18:43:893] ------------------------------------␊
[16:18:43:893] >>> DECISION: Node 1.0 has NO valid parent␊
[16:18:43:893] ====================================␊
[16:18:43:893] ␊
[16:18:48:427] #A color=red␊
[16:18:53:901] ␊
[16:18:53:901] --- TABLE FOR 1.0 (My Path Sum: 0) ---␊
[16:18:53:901] ------------------------------------␊
[16:18:53:901] >>> DECISION: Node 1.0 has NO valid parent␊
[16:18:53:901] ====================================␊
[16:18:53:901] ␊
[16:18:55:372] #A color=red␊
[16:19:03:130] #A color=red␊
[16:19:03:908] ␊
[16:19:03:908] --- TABLE FOR 1.0 (My Path Sum: 0) ---␊
[16:19:03:908] ------------------------------------␊
[16:19:03:908] >>> DECISION: Node 1.0 has NO valid parent␊
[16:19:03:908] ====================================␊
[16:19:03:908] ␊
[16:19:07:215] #A color=red␊
[16:19:12:262] #A color=red␊
[16:19:13:919] ␊
[16:19:13:919] --- TABLE FOR 1.0 (My Path Sum: 0) ---␊
[16:19:13:919] Neighbor 4.0 | Path Sum: -1089 | Local Link: -89␊
[16:19:13:919] ------------------------------------␊
[16:19:13:919] >>> DECISION: Node 1.0 has NO valid parent␊
[16:19:13:919] ====================================␊
[16:19:13:919] ␊
[16:19:17:012] #A color=red␊
[16:19:21:324] #A color=red␊
[16:19:23:934] ␊
[16:19:23:934] --- TABLE FOR 1.0 (My Path Sum: 0) ---␊
[16:19:23:934] Neighbor 4.0 | Path Sum: -1089 | Local Link: -89␊
[16:19:23:934] ------------------------------------␊
[16:19:23:934] >>> DECISION: Node 1.0 has NO valid parent␊
[16:19:23:934] ====================================␊
[16:19:23:934] ␊
[16:19:28:558] #A color=red␊
[16:19:33:942] ␊
[16:19:33:942] --- TABLE FOR 1.0 (My Path Sum: 0) ---␊
[16:19:33:942] Neighbor 4.0 | Path Sum: -1089 | Local Link: -89␊
[16:19:33:942] ------------------------------------␊
[16:19:33:942] >>> DECISION: Node 1.0 has NO valid parent␊
[16:19:33:942] ====================================␊
[16:19:33:942] ␊
[16:19:34:886] #A color=red␊
[16:19:41:612] #A color=red␊
[16:19:43:949] ␊
[16:19:43:949] --- TABLE FOR 1.0 (My Path Sum: 0) ---␊
[16:19:43:949] Neighbor 4.0 | Path Sum: -1089 | Local Link: -89␊
[16:19:43:949] ------------------------------------␊
[16:19:43:949] >>> DECISION: Node 1.0 has NO valid parent␊
[16:19:43:949] ====================================␊
[16:19:43:949] ␊
[16:19:49:564] #A color=red␊
[16:19:49:671] DATA RECV from 4.0: Data from 4.0␊
[16:19:53:964] ␊
[16:19:53:964] --- TABLE FOR 1.0 (My Path Sum: 0) ---␊
[16:19:53:964] Neighbor 4.0 | Path Sum: -1089 | Local Link: -89␊
[16:19:53:964] ------------------------------------␊
[16:19:53:964] >>> DECISION: Node 1.0 has NO valid parent␊
[16:19:53:964] ====================================␊
[16:19:53:964] ␊
[16:19:54:572] #A color=red␊
[16:20:00:345] #A color=red␊
[16:20:03:979] ␊
[16:20:03:979] --- TABLE FOR 1.0 (My Path Sum: 0) ---␊
[16:20:03:979] Neighbor 4.0 | Path Sum: -1089 | Local Link: -89␊
[16:20:03:979] ------------------------------------␊
[16:20:03:979] >>> DECISION: Node 1.0 has NO valid parent␊
[16:20:03:979] ====================================␊
[16:20:03:979] ␊
[16:20:05:907] #A color=red␊
[16:20:09:670] DATA RECV from 4.0: Data from 4.0␊
[16:20:12:579] #A color=red␊
[16:20:13:994] ␊
[16:20:13:994] --- TABLE FOR 1.0 (My Path Sum: 0) ---␊
[16:20:13:994] Neighbor 4.0 | Path Sum: -1089 | Local Link: -89␊
[16:20:13:994] ------------------------------------␊
[16:20:13:994] >>> DECISION: Node 1.0 has NO valid parent␊
[16:20:13:994] ====================================␊
[16:20:13:994] ␊
[16:20:17:547] #A color=red␊
[16:20:19:669] DATA RECV from 4.0: Data from 4.0␊
[16:20:22:805] #A color=red␊
[16:20:24:009] ␊
[16:20:24:009] --- TABLE FOR 1.0 (My Path Sum: 0) ---␊
[16:20:24:009] Neighbor 4.0 | Path Sum: -1089 | Local Link: -89␊
[16:20:24:009] ------------------------------------␊
[16:20:24:009] >>> DECISION: Node 1.0 has NO valid parent␊
[16:20:24:009] ====================================␊
[16:20:24:009] ␊
[16:20:29:699] DATA RECV from 4.0: Data from 4.0␊
[16:20:29:765] #A color=red␊
[16:20:34:016] ␊
[16:20:34:016] --- TABLE FOR 1.0 (My Path Sum: 0) ---␊
[16:20:34:016] Neighbor 4.0 | Path Sum: -1089 | Local Link: -89␊
[16:20:34:016] ------------------------------------␊
[16:20:34:016] >>> DECISION: Node 1.0 has NO valid parent␊
[16:20:34:016] ====================================␊
[16:20:34:016] ␊
[16:20:34:531] #A color=red␊
[16:20:38:866] #A color=red␊
[16:20:39:668] DATA RECV from 4.0: Data from 4.0␊
[16:20:44:031] ␊
[16:20:44:031] --- TABLE FOR 1.0 (My Path Sum: 0) ---␊
[16:20:44:031] Neighbor 4.0 | Path Sum: -1089 | Local Link: -89␊
[16:20:44:031] ------------------------------------␊
[16:20:44:031] >>> DECISION: Node 1.0 has NO valid parent␊
[16:20:44:031] ====================================␊
[16:20:44:031] ␊
[16:20:44:100] #A color=red␊
[16:20:49:707] DATA RECV from 4.0: Data from 4.0␊
[16:20:51:928] #A color=red␊
[16:20:54:046] ␊
[16:20:54:046] --- TABLE FOR 1.0 (My Path Sum: 0) ---␊
[16:20:54:046] Neighbor 4.0 | Path Sum: -1089 | Local Link: -89␊
[16:20:54:046] ------------------------------------␊
[16:20:54:046] >>> DECISION: Node 1.0 has NO valid parent␊
[16:20:54:046] ====================================␊
[16:20:54:046] ␊
[16:20:59:029] #A color=red␊
[16:21:03:326] #A color=red␊
[16:21:04:054] ␊
[16:21:04:054] --- TABLE FOR 1.0 (My Path Sum: 0) ---␊
[16:21:04:054] Neighbor 4.0 | Path Sum: -1089 | Local Link: -89␊
[16:21:04:054] ------------------------------------␊
[16:21:04:054] >>> DECISION: Node 1.0 has NO valid parent␊
[16:21:04:054] ====================================␊
[16:21:04:054] ␊
[16:21:07:513] #A color=red␊
[16:21:09:706] DATA RECV from 4.0: Data from 4.0␊
[16:21:12:591] #A color=red␊
[16:21:14:068] ␊
[16:21:14:068] --- TABLE FOR 1.0 (My Path Sum: 0) ---␊
[16:21:14:068] Neighbor 4.0 | Path Sum: -1089 | Local Link: -89␊
[16:21:14:068] ------------------------------------␊
[16:21:14:068] >>> DECISION: Node 1.0 has NO valid parent␊
[16:21:14:068] ====================================␊
[16:21:14:068] ␊
[16:21:18:380] #A color=red␊
[16:21:19:705] DATA RECV from 4.0: Data from 4.0␊
[16:21:24:076] ␊
[16:21:24:076] --- TABLE FOR 1.0 (My Path Sum: 0) ---␊
[16:21:24:076] Neighbor 4.0 | Path Sum: -1089 | Local Link: -89␊
[16:21:24:076] ------------------------------------␊
[16:21:24:076] >>> DECISION: Node 1.0 has NO valid parent␊
[16:21:24:076] ====================================␊
[16:21:24:076] ␊
[16:21:24:942] #A color=red␊
[16:21:29:735] DATA RECV from 4.0: Data from 4.0␊
[16:21:32:863] #A color=red␊
[16:21:34:083] ␊
[16:21:34:083] --- TABLE FOR 1.0 (My Path Sum: 0) ---␊
[16:21:34:083] Neighbor 4.0 | Path Sum: -1089 | Local Link: -89␊
[16:21:34:083] ------------------------------------␊
[16:21:34:083] >>> DECISION: Node 1.0 has NO valid parent␊
[16:21:34:083] ====================================␊
[16:21:34:083] ␊
[16:21:39:894] #A color=red␊
[16:21:44:091] ␊
[16:21:44:091] --- TABLE FOR 1.0 (My Path Sum: 0) ---␊
[16:21:44:091] Neighbor 4.0 | Path Sum: -1089 | Local Link: -89␊
[16:21:44:091] ------------------------------------␊
[16:21:44:091] >>> DECISION: Node 1.0 has NO valid parent␊
[16:21:44:091] ====================================␊
[16:21:44:091] ␊
[16:21:47:167] #A color=red␊
[16:21:49:671] DATA RECV from 4.0: Data from 4.0␊
[16:21:51:605] #A color=red␊
[16:21:54:098] ␊
[16:21:54:098] --- TABLE FOR 1.0 (My Path Sum: 0) ---␊
[16:21:54:098] Neighbor 4.0 | Path Sum: -188 | Local Link: -98␊
[16:21:54:098] ------------------------------------␊
[16:21:54:098] >>> DECISION: Node 1.0 has NO valid parent␊
[16:21:54:098] ====================================␊
[16:21:54:098] ␊
[16:21:58:745] #A color=red␊
[16:21:59:671] DATA RECV from 4.0: Data from 4.0␊
[16:22:04:113] ␊
[16:22:04:113] --- TABLE FOR 1.0 (My Path Sum: 0) ---␊
[16:22:04:113] Neighbor 4.0 | Path Sum: -188 | Local Link: -98␊
[16:22:04:113] ------------------------------------␊
[16:22:04:113] >>> DECISION: Node 1.0 has NO valid parent␊
[16:22:04:113] ====================================␊
[16:22:04:113] ␊
[16:22:06:112] #A color=red␊
[16:22:10:062] DATA RECV from 4.0: Data from 2.0␊
[16:22:11:588] #A color=red␊
[16:22:14:120] ␊
[16:22:14:120] --- TABLE FOR 1.0 (My Path Sum: 0) ---␊
[16:22:14:120] Neighbor 4.0 | Path Sum: -187 | Local Link: -97␊
[16:22:14:120] ------------------------------------␊
[16:22:14:120] >>> DECISION: Node 1.0 has NO valid parent␊
[16:22:14:120] ====================================␊
[16:22:14:120] ␊
[16:22:14:336] DATA RECV from 4.0: Data from 3.0␊
[16:22:18:478] #A color=red␊
[16:22:24:135] ␊
[16:22:24:135] --- TABLE FOR 1.0 (My Path Sum: 0) ---␊
[16:22:24:135] Neighbor 4.0 | Path Sum: -190 | Local Link: -100␊
[16:22:24:135] ------------------------------------␊
[16:22:24:135] >>> DECISION: Node 1.0 has NO valid parent␊
[16:22:24:135] ====================================␊
[16:22:24:135] ␊
[16:22:24:283] #A color=red␊
[16:22:29:935] DATA RECV from 4.0: Data from 2.0␊
[16:22:30:868] #A color=red␊
[16:22:34:150] ␊
[16:22:34:150] --- TABLE FOR 1.0 (My Path Sum: 0) ---␊
[16:22:34:150] Neighbor 4.0 | Path Sum: -188 | Local Link: -98␊
[16:22:34:150] ------------------------------------␊
[16:22:34:150] >>> DECISION: Node 1.0 has NO valid parent␊
[16:22:34:150] ====================================␊
[16:22:34:150] ␊
[16:22:34:326] DATA RECV from 4.0: Data from 3.0␊
[16:22:35:790] #A color=red␊
[16:22:39:713] DATA RECV from 4.0: Data from 4.0␊
[16:22:40:020] DATA RECV from 4.0: Data from 2.0␊
[16:22:41:071] #A color=red␊
[16:22:44:158] ␊
[16:22:44:158] --- TABLE FOR 1.0 (My Path Sum: 0) ---␊
[16:22:44:158] Neighbor 4.0 | Path Sum: -188 | Local Link: -98␊
[16:22:44:158] ------------------------------------␊
[16:22:44:158] >>> DECISION: Node 1.0 has NO valid parent␊
[16:22:44:158] ====================================␊
[16:22:44:158] ␊
[16:22:48:031] #A color=red␊
[16:22:49:708] DATA RECV from 4.0: Data from 4.0␊
[16:22:54:173] ␊
[16:22:54:173] --- TABLE FOR 1.0 (My Path Sum: 0) ---␊
[16:22:54:173] Neighbor 4.0 | Path Sum: -188 | Local Link: -98␊
[16:22:54:173] ------------------------------------␊
[16:22:54:173] >>> DECISION: Node 1.0 has NO valid parent␊
[16:22:54:173] ====================================␊
[16:22:54:173] ␊
[16:22:54:300] DATA RECV from 4.0: Data from 3.0␊
[16:22:55:796] #A color=red␊
[16:22:59:645] DATA RECV from 4.0: Data from 4.0␊
[16:23:02:882] #A color=red␊
[16:23:04:180] ␊
[16:23:04:180] --- TABLE FOR 1.0 (My Path Sum: 0) ---␊
[16:23:04:180] Neighbor 4.0 | Path Sum: -188 | Local Link: -98␊
[16:23:04:180] ------------------------------------␊
[16:23:04:180] >>> DECISION: Node 1.0 has NO valid parent␊
[16:23:04:180] ====================================␊
[16:23:04:180] ␊
[16:23:07:179] #A color=red␊
[16:23:09:647] DATA RECV from 4.0: Data from 4.0␊
[16:23:11:366] #A color=red␊
[16:23:14:195] ␊
[16:23:14:195] --- TABLE FOR 1.0 (My Path Sum: 0) ---␊
[16:23:14:195] Neighbor 4.0 | Path Sum: -188 | Local Link: -98␊
[16:23:14:195] ------------------------------------␊
[16:23:14:195] >>> DECISION: Node 1.0 has NO valid parent␊
[16:23:14:195] ====================================␊
[16:23:14:195] ␊
[16:23:14:322] DATA RECV from 4.0: Data from 3.0␊
[16:23:15:444] #A color=red␊
[16:23:19:644] DATA RECV from 4.0: Data from 4.0␊
[16:23:22:483] #A color=red␊
[16:23:24:203] ␊
[16:23:24:203] --- TABLE FOR 1.0 (My Path Sum: 0) ---␊
[16:23:24:203] Neighbor 4.0 | Path Sum: -188 | Local Link: -98␊
[16:23:24:203] ------------------------------------␊
[16:23:24:203] >>> DECISION: Node 1.0 has NO valid parent␊
[16:23:24:203] ====================================␊
[16:23:24:203] ␊
[16:23:28:732] #A color=red␊
[16:23:29:674] DATA RECV from 4.0: Data from 4.0␊
[16:23:34:218] ␊
[16:23:34:218] --- TABLE FOR 1.0 (My Path Sum: 0) ---␊
[16:23:34:218] Neighbor 4.0 | Path Sum: -198 | Local Link: -99␊
[16:23:34:218] ------------------------------------␊
[16:23:34:218] >>> DECISION: Node 1.0 has NO valid parent␊
[16:23:34:218] ====================================␊
[16:23:34:218] ␊
[16:23:34:292] DATA RECV from 4.0: Data from 3.0␊
[16:23:35:419] #A color=red␊
[16:23:41:372] #A color=red␊
[16:23:44:233] ␊
[16:23:44:233] --- TABLE FOR 1.0 (My Path Sum: 0) ---␊
[16:23:44:233] Neighbor 4.0 | Path Sum: -198 | Local Link: -99␊
[16:23:44:233] ------------------------------------␊
[16:23:44:233] >>> DECISION: Node 1.0 has NO valid parent␊
[16:23:44:233] ====================================␊
[16:23:44:233] ␊
[16:23:46:880] #A color=red␊
[16:23:52:528] #A color=red␊
[16:23:54:246] DATA RECV from 4.0: Data from 3.0␊
[16:23:54:246] ␊
[16:23:54:246] --- TABLE FOR 1.0 (My Path Sum: 0) ---␊
[16:23:54:246] Neighbor 4.0 | Path Sum: -198 | Local Link: -99␊
[16:23:54:246] ------------------------------------␊
[16:23:54:246] >>> DECISION: Node 1.0 has NO valid parent␊
[16:23:54:246] ====================================␊
[16:23:54:246] ␊
[16:23:58:246] #A color=red␊
[16:23:59:681] DATA RECV from 4.0: Data from 4.0␊
[16:24:02:941] #A color=red␊
[16:24:04:263] ␊
[16:24:04:263] --- TABLE FOR 1.0 (My Path Sum: 0) ---␊
[16:24:04:263] Neighbor 4.0 | Path Sum: -194 | Local Link: -97␊
[16:24:04:263] ------------------------------------␊
[16:24:04:263] >>> DECISION: Node 1.0 has NO valid parent␊
[16:24:04:263] ====================================␊
[16:24:04:263] ␊
[16:24:07:387] #A color=red␊
[16:24:09:681] DATA RECV from 4.0: Data from 4.0␊
[16:24:14:270] ␊
[16:24:14:270] --- TABLE FOR 1.0 (My Path Sum: 0) ---␊
[16:24:14:270] Neighbor 4.0 | Path Sum: -194 | Local Link: -97␊
[16:24:14:270] ------------------------------------␊
[16:24:14:270] >>> DECISION: Node 1.0 has NO valid parent␊
[16:24:14:270] ====================================␊
[16:24:14:270] ␊
[16:24:14:519] #A color=red␊
[16:24:18:886] #A color=red␊
[16:24:19:710] DATA RECV from 4.0: Data from 4.0␊
[16:24:23:112] #A color=red␊
[16:24:24:285] ␊
[16:24:24:285] --- TABLE FOR 1.0 (My Path Sum: 0) ---␊
[16:24:24:285] Neighbor 4.0 | Path Sum: -194 | Local Link: -97␊
[16:24:24:285] ------------------------------------␊
[16:24:24:285] >>> DECISION: Node 1.0 has NO valid parent␊
[16:24:24:285] ====================================␊
[16:24:24:285] ␊
[16:24:30:190] #A color=red␊
[16:24:34:293] ␊
[16:24:34:293] --- TABLE FOR 1.0 (My Path Sum: 0) ---␊
[16:24:34:293] Neighbor 4.0 | Path Sum: -195 | Local Link: -96␊
[16:24:34:293] ------------------------------------␊
[16:24:34:293] >>> DECISION: Node 1.0 has NO valid parent␊
[16:24:34:293] ====================================␊
[16:24:34:293] ␊
[16:24:35:479] #A color=red␊
[16:24:39:679] DATA RECV from 4.0: Data from 4.0␊
[16:24:43:416] #A color=red␊
[16:24:44:300] ␊
[16:24:44:300] --- TABLE FOR 1.0 (My Path Sum: 0) ---␊
[16:24:44:300] Neighbor 4.0 | Path Sum: -195 | Local Link: -96␊
[16:24:44:300] ------------------------------------␊
[16:24:44:300] >>> DECISION: Node 1.0 has NO valid parent␊
[16:24:44:300] ====================================␊
[16:24:44:300] ␊
[16:24:49:968] DATA RECV from 4.0: Data from 2.0␊
[16:24:50:431] #A color=red␊
[16:24:54:307] ␊
[16:24:54:307] --- TABLE FOR 1.0 (My Path Sum: 0) ---␊
[16:24:54:307] Neighbor 4.0 | Path Sum: -195 | Local Link: -96␊
[16:24:54:307] ------------------------------------␊
[16:24:54:307] >>> DECISION: Node 1.0 has NO valid parent␊
[16:24:54:307] ====================================␊
[16:24:54:307] ␊
[16:24:54:320] DATA RECV from 4.0: Data from 3.0␊
[16:24:54:705] #A color=red␊
[16:24:58:892] #A color=red␊
[16:24:59:646] DATA RECV from 4.0: Data from 4.0␊
[16:25:04:315] ␊
[16:25:04:315] --- TABLE FOR 1.0 (My Path Sum: 0) ---␊
[16:25:04:315] Neighbor 4.0 | Path Sum: -195 | Local Link: -96␊
[16:25:04:315] ------------------------------------␊
[16:25:04:315] >>> DECISION: Node 1.0 has NO valid parent␊
[16:25:04:315] ====================================␊
[16:25:04:315] ␊
[16:25:05:970] #A color=red␊
[16:25:11:258] #A color=red␊
[16:25:14:217] DATA RECV from 4.0: Data from 3.0␊
[16:25:14:330] ␊
[16:25:14:330] --- TABLE FOR 1.0 (My Path Sum: 0) ---␊
[16:25:14:330] Neighbor 4.0 | Path Sum: -195 | Local Link: -96␊
[16:25:14:330] ------------------------------------␊
[16:25:14:330] >>> DECISION: Node 1.0 has NO valid parent␊
[16:25:14:330] ====================================␊
[16:25:14:330] ␊
[16:25:19:196] #A color=red␊
[16:25:23:211] #A color=red␊
[16:25:24:345] ␊
[16:25:24:345] --- TABLE FOR 1.0 (My Path Sum: 0) ---␊
[16:25:24:345] Neighbor 4.0 | Path Sum: -195 | Local Link: -96␊
[16:25:24:345] ------------------------------------␊
[16:25:24:345] >>> DECISION: Node 1.0 has NO valid parent␊
[16:25:24:345] ====================================␊
[16:25:24:345] ␊
[16:25:28:234] #A color=red␊
[16:25:34:352] ␊
[16:25:34:352] --- TABLE FOR 1.0 (My Path Sum: 0) ---␊
[16:25:34:352] Neighbor 4.0 | Path Sum: -195 | Local Link: -96␊
[16:25:34:352] ------------------------------------␊
[16:25:34:352] >>> DECISION: Node 1.0 has NO valid parent␊
[16:25:34:352] ====================================␊
[16:25:34:352] ␊
[16:25:35:984] #A color=red␊
[16:25:39:684] DATA RECV from 4.0: Data from 4.0␊
[16:25:43:046] #A color=red␊
[16:25:44:360] ␊
[16:25:44:360] --- TABLE FOR 1.0 (My Path Sum: 0) ---␊
[16:25:44:360] Neighbor 4.0 | Path Sum: -195 | Local Link: -96␊
[16:25:44:360] ------------------------------------␊
[16:25:44:360] >>> DECISION: Node 1.0 has NO valid parent␊
[16:25:44:360] ====================================␊
[16:25:44:360] ␊
[16:25:49:343] #A color=red␊
[16:25:49:643] DATA RECV from 4.0: Data from 4.0␊
[16:25:49:956] DATA RECV from 4.0: Data from 2.0␊
[16:25:54:375] ␊
[16:25:54:375] --- TABLE FOR 1.0 (My Path Sum: 0) ---␊
[16:25:54:375] Neighbor 4.0 | Path Sum: -195 | Local Link: -96␊
[16:25:54:375] ------------------------------------␊
[16:25:54:375] >>> DECISION: Node 1.0 has NO valid parent␊
[16:25:54:375] ====================================␊
[16:25:54:375] ␊
[16:25:56:030] #A color=red␊
[16:26:00:983] #A color=red␊
[16:26:04:382] ␊
[16:26:04:382] --- TABLE FOR 1.0 (My Path Sum: 0) ---␊
[16:26:04:382] Neighbor 4.0 | Path Sum: -195 | Local Link: -96␊
[16:26:04:382] ------------------------------------␊
[16:26:04:382] >>> DECISION: Node 1.0 has NO valid parent␊
[16:26:04:382] ====================================␊
[16:26:04:382] ␊
[16:26:08:240] #A color=red␊
[16:26:09:683] DATA RECV from 4.0: Data from 4.0␊
[16:26:14:390] ␊
[16:26:14:390] --- TABLE FOR 1.0 (My Path Sum: 0) ---␊
[16:26:14:390] Neighbor 4.0 | Path Sum: -195 | Local Link: -96␊
[16:26:14:390] ------------------------------------␊
[16:26:14:390] >>> DECISION: Node 1.0 has NO valid parent␊
[16:26:14:390] ====================================␊
[16:26:14:390] ␊
[16:26:15:701] #A color=red␊
[16:26:21:091] #A color=red␊
[16:26:24:397] ␊
[16:26:24:397] --- TABLE FOR 1.0 (My Path Sum: 0) ---␊
[16:26:24:397] Neighbor 4.0 | Path Sum: -195 | Local Link: -96␊
[16:26:24:397] ------------------------------------␊
[16:26:24:397] >>> DECISION: Node 1.0 has NO valid parent␊
[16:26:24:397] ====================================␊
[16:26:24:397] ␊
[16:26:26:021] #A color=red␊
[16:26:31:325] #A color=red␊
[16:26:34:404] ␊
[16:26:34:404] --- TABLE FOR 1.0 (My Path Sum: 0) ---␊
[16:26:34:404] Neighbor 4.0 | Path Sum: -195 | Local Link: -96␊
[16:26:34:404] ------------------------------------␊
[16:26:34:404] >>> DECISION: Node 1.0 has NO valid parent␊
[16:26:34:404] ====================================␊
[16:26:34:404] ␊
[16:26:36:286] #A color=red␊
[16:26:39:658] DATA RECV from 4.0: Data from 4.0␊
[16:26:43:551] #A color=red␊
[16:26:44:419] ␊
[16:26:44:419] --- TABLE FOR 1.0 (My Path Sum: 0) ---␊
[16:26:44:419] Neighbor 4.0 | Path Sum: -195 | Local Link: -96␊
[16:26:44:419] ------------------------------------␊
[16:26:44:419] >>> DECISION: Node 1.0 has NO valid parent␊
[16:26:44:419] ====================================␊
[16:26:44:419] ␊
[16:26:49:649] DATA RECV from 4.0: Data from 4.0␊
[16:26:51:012] #A color=red␊
[16:26:54:230] DATA RECV from 3.0: Data from 3.0␊
[16:26:54:427] ␊
[16:26:54:427] --- TABLE FOR 1.0 (My Path Sum: 0) ---␊
[16:26:54:427] Neighbor 4.0 | Path Sum: -195 | Local Link: -96␊
[16:26:54:427] ------------------------------------␊
[16:26:54:427] >>> DECISION: Node 1.0 has NO valid parent␊
[16:26:54:427] ====================================␊
[16:26:54:427] ␊
[16:26:57:402] #A color=red␊
[16:26:59:657] DATA RECV from 4.0: Data from 4.0␊
[16:27:04:442] ␊
[16:27:04:442] --- TABLE FOR 1.0 (My Path Sum: 0) ---␊
[16:27:04:442] Neighbor 4.0 | Path Sum: -195 | Local Link: -96␊
[16:27:04:442] ------------------------------------␊
[16:27:04:442] >>> DECISION: Node 1.0 has NO valid parent␊
[16:27:04:442] ====================================␊
[16:27:04:442] ␊
[16:27:05:081] #A color=red␊
[16:27:09:657] DATA RECV from 4.0: Data from 4.0␊
[16:27:11:323] #A color=red␊
[16:27:14:449] ␊
[16:27:14:449] --- TABLE FOR 1.0 (My Path Sum: 0) ---␊
[16:27:14:449] Neighbor 4.0 | Path Sum: -195 | Local Link: -96␊
[16:27:14:449] ------------------------------------␊
[16:27:14:449] >>> DECISION: Node 1.0 has NO valid parent␊
[16:27:14:449] ====================================␊
[16:27:14:449] ␊
[16:27:17:893] #A color=red␊
[16:27:19:718] DATA RECV from 4.0: Data from 4.0␊
[16:27:24:131] DATA RECV from 3.0: Data from 3.0␊
[16:27:24:457] ␊
[16:27:24:457] --- TABLE FOR 1.0 (My Path Sum: 0) ---␊
[16:27:24:457] Neighbor 4.0 | Path Sum: -195 | Local Link: -96␊
[16:27:24:457] ------------------------------------␊
[16:27:24:457] >>> DECISION: Node 1.0 has NO valid parent␊
[16:27:24:457] ====================================␊
[16:27:24:457] ␊
[16:27:24:807] #A color=red␊
[16:27:29:647] DATA RECV from 4.0: Data from 4.0␊
[16:27:32:588] #A color=red␊
[16:27:34:165] DATA RECV from 3.0: Data from 3.0␊
[16:27:34:472] ␊
[16:27:34:472] --- TABLE FOR 1.0 (My Path Sum: 0) ---␊
[16:27:34:472] Neighbor 4.0 | Path Sum: -195 | Local Link: -96␊
[16:27:34:472] ------------------------------------␊
[16:27:34:472] >>> DECISION: Node 1.0 has NO valid parent␊
[16:27:34:472] ====================================␊
[16:27:34:472] ␊
[16:27:38:674] #A color=red␊
[16:27:39:748] DATA RECV from 4.0: Data from 4.0␊
[16:27:44:202] DATA RECV from 3.0: Data from 3.0␊
[16:27:44:220] #A color=red␊
[16:27:44:483] ␊
[16:27:44:483] --- TABLE FOR 1.0 (My Path Sum: 0) ---␊
[16:27:44:483] Neighbor 3.0 | Path Sum: -198 | Local Link: -99␊
[16:27:44:483] Neighbor 4.0 | Path Sum: -195 | Local Link: -96␊
[16:27:44:483] ------------------------------------␊
[16:27:44:483] >>> DECISION: Node 1.0 has NO valid parent␊
[16:27:44:483] ====================================␊
[16:27:44:483] ␊
[16:27:49:920] DATA RECV from 3.0: Data from 2.0␊
[16:27:50:845] #A color=red␊
[16:27:54:499] ␊
[16:27:54:499] --- TABLE FOR 1.0 (My Path Sum: 0) ---␊
[16:27:54:499] Neighbor 3.0 | Path Sum: -198 | Local Link: -99␊
[16:27:54:499] Neighbor 4.0 | Path Sum: -195 | Local Link: -96␊
[16:27:54:499] ------------------------------------␊
[16:27:54:499] >>> DECISION: Node 1.0 has NO valid parent␊
[16:27:54:499] ====================================␊
[16:27:54:499] ␊
[16:27:55:993] #A color=red␊
[16:28:02:837] #A color=red␊
[16:28:04:513] ␊
[16:28:04:513] --- TABLE FOR 1.0 (My Path Sum: 0) ---␊
[16:28:04:513] Neighbor 3.0 | Path Sum: -198 | Local Link: -99␊
[16:28:04:513] Neighbor 4.0 | Path Sum: -195 | Local Link: -96␊
[16:28:04:513] ------------------------------------␊
[16:28:04:513] >>> DECISION: Node 1.0 has NO valid parent␊
[16:28:04:513] ====================================␊
[16:28:04:513] ␊
[16:28:07:688] #A color=red␊
[16:28:13:047] #A color=red␊
[16:28:14:529] ␊
[16:28:14:529] --- TABLE FOR 1.0 (My Path Sum: 0) ---␊
[16:28:14:529] Neighbor 3.0 | Path Sum: -198 | Local Link: -99␊
[16:28:14:529] Neighbor 4.0 | Path Sum: -195 | Local Link: -96␊
[16:28:14:529] ------------------------------------␊
[16:28:14:529] >>> DECISION: Node 1.0 has NO valid parent␊
[16:28:14:529] ====================================␊
[16:28:14:529] ␊
[16:28:20:031] #A color=red␊
[16:28:24:544] ␊
[16:28:24:544] --- TABLE FOR 1.0 (My Path Sum: 0) ---␊
[16:28:24:544] Neighbor 3.0 | Path Sum: -198 | Local Link: -99␊
[16:28:24:544] Neighbor 4.0 | Path Sum: -195 | Local Link: -96␊
[16:28:24:544] ------------------------------------␊
[16:28:24:544] >>> DECISION: Node 1.0 has NO valid parent␊
[16:28:24:544] ====================================␊
[16:28:24:544] ␊
[16:28:26:796] #A color=red␊
[16:28:33:632] #A color=red␊
[16:28:34:559] ␊
[16:28:34:559] --- TABLE FOR 1.0 (My Path Sum: 0) ---␊
[16:28:34:559] Neighbor 3.0 | Path Sum: -198 | Local Link: -99␊
[16:28:34:559] Neighbor 4.0 | Path Sum: -195 | Local Link: -96␊
[16:28:34:559] ------------------------------------␊
[16:28:34:559] >>> DECISION: Node 1.0 has NO valid parent␊
[16:28:34:559] ====================================␊
[16:28:34:559] ␊
[16:28:41:491] #A color=red␊
[16:28:44:574] ␊
[16:28:44:574] --- TABLE FOR 1.0 (My Path Sum: 0) ---␊
[16:28:44:574] Neighbor 3.0 | Path Sum: -198 | Local Link: -99␊
[16:28:44:574] Neighbor 4.0 | Path Sum: -195 | Local Link: -96␊
[16:28:44:574] ------------------------------------␊
[16:28:44:574] >>> DECISION: Node 1.0 has NO valid parent␊
[16:28:44:574] ====================================␊
[16:28:44:574] ␊
[16:28:45:600] #A color=red␊
[16:28:50:647] #A color=red␊
[16:28:54:590] ␊
[16:28:54:590] --- TABLE FOR 1.0 (My Path Sum: 0) ---␊
[16:28:54:590] Neighbor 3.0 | Path Sum: -198 | Local Link: -99␊
[16:28:54:590] Neighbor 4.0 | Path Sum: -195 | Local Link: -96␊
[16:28:54:590] ------------------------------------␊
[16:28:54:590] >>> DECISION: Node 1.0 has NO valid parent␊
[16:28:54:590] ====================================␊
[16:28:54:590] ␊
[16:28:57:397] #A color=red␊
[16:29:02:209] #A color=red␊
[16:29:04:605] ␊
[16:29:04:605] --- TABLE FOR 1.0 (My Path Sum: 0) ---␊
[16:29:04:605] Neighbor 3.0 | Path Sum: -198 | Local Link: -99␊
[16:29:04:605] Neighbor 4.0 | Path Sum: -195 | Local Link: -96␊
[16:29:04:605] ------------------------------------␊
[16:29:04:605] >>> DECISION: Node 1.0 has NO valid parent␊
[16:29:04:605] ====================================␊
[16:29:04:605] ␊
[16:29:08:568] #A color=red␊
[16:29:14:302] #A color=red␊
[16:29:14:620] ␊
[16:29:14:620] --- TABLE FOR 1.0 (My Path Sum: 0) ---␊
[16:29:14:620] Neighbor 3.0 | Path Sum: -198 | Local Link: -99␊
[16:29:14:620] Neighbor 4.0 | Path Sum: -195 | Local Link: -96␊
[16:29:14:620] ------------------------------------␊
[16:29:14:620] >>> DECISION: Node 1.0 has NO valid parent␊
[16:29:14:620] ====================================␊
[16:29:14:620] ␊
[16:29:19:005] #A color=red␊
[16:29:24:635] ␊
[16:29:24:635] --- TABLE FOR 1.0 (My Path Sum: 0) ---␊
[16:29:24:635] Neighbor 3.0 | Path Sum: -198 | Local Link: -99␊
[16:29:24:635] Neighbor 4.0 | Path Sum: -195 | Local Link: -96␊
[16:29:24:635] ------------------------------------␊
[16:29:24:635] >>> DECISION: Node 1.0 has NO valid parent␊
[16:29:24:635] ====================================␊
[16:29:24:635] ␊
[16:29:26:450] #A color=red␊
[16:29:32:832] #A color=red␊
[16:29:34:650] ␊
[16:29:34:650] --- TABLE FOR 1.0 (My Path Sum: 0) ---␊
[16:29:34:650] Neighbor 3.0 | Path Sum: -198 | Local Link: -99␊
[16:29:34:650] Neighbor 4.0 | Path Sum: -195 | Local Link: -96␊
[16:29:34:650] ------------------------------------␊
[16:29:34:650] >>> DECISION: Node 1.0 has NO valid parent␊
[16:29:34:650] ====================================␊
[16:29:34:650] ␊
[16:29:37:512] #A color=red␊
[16:29:39:274] DATA RECV from 4.0: Data from 3.0␊
[16:29:39:625] DATA RECV from 4.0: Data from 4.0␊
[16:29:40:002] DATA RECV from 4.0: Data from 2.0␊
[16:29:42:004] #A color=red␊
[16:29:44:665] ␊
[16:29:44:665] --- TABLE FOR 1.0 (My Path Sum: 0) ---␊
[16:29:44:665] Neighbor 3.0 | Path Sum: -198 | Local Link: -99␊
[16:29:44:665] Neighbor 4.0 | Path Sum: -195 | Local Link: -96␊
[16:29:44:665] ------------------------------------␊
[16:29:44:665] >>> DECISION: Node 1.0 has NO valid parent␊
[16:29:44:665] ====================================␊
[16:29:44:665] ␊
[16:29:49:137] #A color=red␊
[16:29:54:503] #A color=red␊
[16:29:54:681] ␊
[16:29:54:681] --- TABLE FOR 1.0 (My Path Sum: 0) ---␊
[16:29:54:681] Neighbor 3.0 | Path Sum: -198 | Local Link: -99␊
[16:29:54:681] Neighbor 4.0 | Path Sum: -195 | Local Link: -96␊
[16:29:54:681] ------------------------------------␊
[16:29:54:681] >>> DECISION: Node 1.0 has NO valid parent␊
[16:29:54:681] ====================================␊
[16:29:54:681] ␊
[16:29:59:425] DATA RECV from 4.0: Data from 3.0␊
[16:29:59:624] DATA RECV from 4.0: Data from 4.0␊
[16:30:02:480] #A color=red␊
[16:30:04:696] ␊
[16:30:04:696] --- TABLE FOR 1.0 (My Path Sum: 0) ---␊
[16:30:04:696] Neighbor 3.0 | Path Sum: -285 | Local Link: -95␊
[16:30:04:696] Neighbor 4.0 | Path Sum: -195 | Local Link: -96␊
[16:30:04:696] ------------------------------------␊
[16:30:04:696] >>> DECISION: Node 1.0 has NO valid parent␊
[16:30:04:696] ====================================␊
[16:30:04:696] ␊
[16:30:07:495] #A color=red␊
[16:30:09:226] DATA RECV from 4.0: Data from 3.0␊
[16:30:09:624] DATA RECV from 4.0: Data from 4.0␊
[16:30:09:922] DATA RECV from 4.0: Data from 2.0␊
[16:30:12:268] #A color=red␊
[16:30:14:711] ␊
[16:30:14:711] --- TABLE FOR 1.0 (My Path Sum: 0) ---␊
[16:30:14:711] Neighbor 3.0 | Path Sum: -284 | Local Link: -94␊
[16:30:14:711] Neighbor 4.0 | Path Sum: -197 | Local Link: -97␊
[16:30:14:711] ------------------------------------␊
[16:30:14:711] >>> DECISION: Node 1.0 has NO valid parent␊
[16:30:14:711] ====================================␊
[16:30:14:711] ␊
[16:30:16:581] #A color=red␊
[16:30:19:633] DATA RECV from 4.0: Data from 4.0␊
[16:30:19:889] DATA RECV from 4.0: Data from 2.0␊
[16:30:23:815] #A color=red␊
[16:30:24:726] ␊
[16:30:24:726] --- TABLE FOR 1.0 (My Path Sum: 0) ---␊
[16:30:24:726] Neighbor 3.0 | Path Sum: -284 | Local Link: -94␊
[16:30:24:726] Neighbor 4.0 | Path Sum: -197 | Local Link: -97␊
[16:30:24:726] ------------------------------------␊
[16:30:24:726] >>> DECISION: Node 1.0 has NO valid parent␊
[16:30:24:726] ====================================␊
[16:30:24:726] ␊
[16:30:31:143] #A color=red␊
[16:30:34:741] ␊
[16:30:34:741] --- TABLE FOR 1.0 (My Path Sum: 0) ---␊
[16:30:34:741] Neighbor 3.0 | Path Sum: -284 | Local Link: -94␊
[16:30:34:741] Neighbor 4.0 | Path Sum: -197 | Local Link: -97␊
[16:30:34:741] ------------------------------------␊
[16:30:34:741] >>> DECISION: Node 1.0 has NO valid parent␊
[16:30:34:741] ====================================␊
[16:30:34:741] ␊
[16:30:38:619] #A color=red␊
[16:30:44:757] ␊
[16:30:44:757] --- TABLE FOR 1.0 (My Path Sum: 0) ---␊
[16:30:44:757] Neighbor 3.0 | Path Sum: -284 | Local Link: -94␊
[16:30:44:757] Neighbor 4.0 | Path Sum: -197 | Local Link: -97␊
[16:30:44:757] ------------------------------------␊
[16:30:44:757] >>> DECISION: Node 1.0 has NO valid parent␊
[16:30:44:757] ====================================␊
[16:30:44:757] ␊
[16:30:45:009] #A color=red␊
[16:30:49:224] DATA RECV from 3.0: Data from 3.0␊
[16:30:52:688] #A color=red␊
[16:30:54:772] ␊
[16:30:54:772] --- TABLE FOR 1.0 (My Path Sum: 0) ---␊
[16:30:54:772] Neighbor 3.0 | Path Sum: -284 | Local Link: -94␊
[16:30:54:772] Neighbor 4.0 | Path Sum: -197 | Local Link: -97␊
[16:30:54:772] ------------------------------------␊
[16:30:54:772] >>> DECISION: Node 1.0 has NO valid parent␊
[16:30:54:772] ====================================␊
[16:30:54:772] ␊
[16:30:59:930] #A color=red␊
[16:31:04:250] #A color=red␊
[16:31:04:787] ␊
[16:31:04:787] --- TABLE FOR 1.0 (My Path Sum: 0) ---␊
[16:31:04:787] Neighbor 3.0 | Path Sum: -284 | Local Link: -94␊
[16:31:04:787] Neighbor 4.0 | Path Sum: -197 | Local Link: -97␊
[16:31:04:787] ------------------------------------␊
[16:31:04:787] >>> DECISION: Node 1.0 has NO valid parent␊
[16:31:04:787] ====================================␊
[16:31:04:787] ␊
[16:31:10:476] #A color=red␊
[16:31:14:802] ␊
[16:31:14:802] --- TABLE FOR 1.0 (My Path Sum: 0) ---␊
[16:31:14:802] Neighbor 3.0 | Path Sum: -284 | Local Link: -94␊
[16:31:14:802] Neighbor 4.0 | Path Sum: -197 | Local Link: -97␊
[16:31:14:802] ------------------------------------␊
[16:31:14:802] >>> DECISION: Node 1.0 has NO valid parent␊
[16:31:14:802] ====================================␊
[16:31:14:802] ␊
[16:31:17:054] #A color=red␊
[16:31:19:630] DATA RECV from 4.0: Data from 4.0␊
[16:31:21:968] #A color=red␊
[16:31:24:817] ␊
[16:31:24:817] --- TABLE FOR 1.0 (My Path Sum: 0) ---␊
[16:31:24:817] Neighbor 3.0 | Path Sum: -284 | Local Link: -94␊
[16:31:24:817] Neighbor 4.0 | Path Sum: -197 | Local Link: -97␊
[16:31:24:817] ------------------------------------␊
[16:31:24:817] >>> DECISION: Node 1.0 has NO valid parent␊
[16:31:24:817] ====================================␊
[16:31:24:817] ␊
[16:31:29:249] #A color=red␊
[16:31:29:706] DATA RECV from 4.0: Data from 4.0␊
